<?xml version="1.0" encoding="UTF-8"?>
<testsuite xmlns:xsi="http://www.w3.org/2001/XMLSchema-instance" xsi:noNamespaceSchemaLocation="https://maven.apache.org/surefire/maven-surefire-plugin/xsd/surefire-test-report-3.0.xsd" version="3.0" name="br.com.senac.projeto.persistencia.BaseDAOTest" time="7.401" tests="5" errors="0" skipped="0" failures="0">
  <properties>
[...]
</properties>
  <testcase name="testFindAll" classname="br.com.senac.projeto.persistencia.BaseDAOTest" time="7.084">
    <system-out><![CDATA[15:10:01.906 [main] INFO org.hibernate.jpa.internal.util.LogHelper -- HHH000204: Processing PersistenceUnitInfo [name: loja_celular]
15:10:02.129 [main] INFO org.hibernate.Version -- HHH000412: Hibernate ORM core version 6.6.9.Final
15:10:02.234 [main] INFO org.hibernate.cache.internal.RegionFactoryInitiator -- HHH000026: Second-level cache disabled
15:10:02.781 [main] WARN org.hibernate.orm.connections.pooling -- HHH10001002: Using built-in connection pool (not intended for production use)
15:10:03.881 [main] WARN org.hibernate.orm.deprecation -- HHH90000025: MySQL8Dialect does not need to be specified explicitly using 'hibernate.dialect' (remove the property setting and it will be selected by default)
15:10:03.884 [main] WARN org.hibernate.orm.deprecation -- HHH90000026: MySQL8Dialect has been deprecated; use org.hibernate.dialect.MySQLDialect instead
15:10:03.941 [main] INFO org.hibernate.orm.connections.pooling -- HHH10001005: Database info:
	Database JDBC URL [jdbc:mysql://localhost/loja_celular]
	Database driver: com.mysql.cj.jdbc.Driver
	Database version: 8.0
	Autocommit mode: false
	Isolation level: undefined/unknown
	Minimum pool size: 1
	Maximum pool size: 20
15:10:06.987 [main] INFO org.hibernate.engine.transaction.jta.platform.internal.JtaPlatformInitiator -- HHH000489: No JTA platform available (set 'hibernate.transaction.jta.platform' to enable JTA platform integration)
]]></system-out>
  </testcase>
  <testcase name="testSave" classname="br.com.senac.projeto.persistencia.BaseDAOTest" time="0.01"/>
  <testcase name="testFindById" classname="br.com.senac.projeto.persistencia.BaseDAOTest" time="0.029"/>
  <testcase name="testDelete" classname="br.com.senac.projeto.persistencia.BaseDAOTest" time="0.023"/>
  <testcase name="testUpdate" classname="br.com.senac.projeto.persistencia.BaseDAOTest" time="0.053"/>
</testsuite>